<?xml version="1.0" encoding="UTF-8"?>
<testsuite name="baseline.WordReplacerTest" tests="1" skipped="0" failures="0" errors="0" timestamp="2021-10-17T18:59:40" hostname="LAPTOP-A4J5L7JM" time="0.035">
  <properties/>
  <testcase name="testReplaceInstancesOf()" classname="baseline.WordReplacerTest" time="0.035"/>
  <system-out><![CDATA[]]></system-out>
  <system-err><![CDATA[]]></system-err>
</testsuite>
