<?xml version="1.0" encoding="UTF-8"?>
<testsuite name="baseline.NameSorterTest" tests="3" skipped="0" failures="0" errors="0" timestamp="2021-10-16T14:42:50" hostname="LAPTOP-A4J5L7JM" time="0.037">
  <properties/>
  <testcase name="testReadNames()" classname="baseline.NameSorterTest" time="0.029"/>
  <testcase name="testSortNames()" classname="baseline.NameSorterTest" time="0.002"/>
  <testcase name="testPrintNamesToFile()" classname="baseline.NameSorterTest" time="0.005"/>
  <system-out><![CDATA[]]></system-out>
  <system-err><![CDATA[]]></system-err>
</testsuite>
