<?xml version="1.0" encoding="UTF-8"?>
<testsuite name="basline.FrequencyCheckerTest" tests="1" skipped="0" failures="0" errors="0" timestamp="2021-10-17T20:50:20" hostname="LAPTOP-A4J5L7JM" time="0.032">
  <properties/>
  <testcase name="getInput()" classname="basline.FrequencyCheckerTest" time="0.032"/>
  <system-out><![CDATA[]]></system-out>
  <system-err><![CDATA[]]></system-err>
</testsuite>
