<?xml version="1.0" encoding="UTF-8"?>
<testsuite name="baseline.FileParserTest" tests="2" skipped="0" failures="0" errors="0" timestamp="2021-10-16T21:45:44" hostname="LAPTOP-A4J5L7JM" time="0.04">
  <properties/>
  <testcase name="testReadData()" classname="baseline.FileParserTest" time="0.037"/>
  <testcase name="mapData()" classname="baseline.FileParserTest" time="0.002"/>
  <system-out><![CDATA[]]></system-out>
  <system-err><![CDATA[]]></system-err>
</testsuite>
